2024-04-29 20:07:35,994 - INFO - [31m[1mWARNING: This is a development server. Do not use it in a production deployment. Use a production WSGI server instead.[0m
 * Running on http://127.0.0.1:5000
2024-04-29 20:07:35,994 - INFO - [33mPress CTRL+C to quit[0m
2024-04-29 20:08:09,243 - INFO - [31m[1mWARNING: This is a development server. Do not use it in a production deployment. Use a production WSGI server instead.[0m
 * Running on http://127.0.0.1:5000
2024-04-29 20:08:09,243 - INFO - [33mPress CTRL+C to quit[0m
2024-04-29 20:08:09,246 - INFO -  * Restarting with stat
2024-04-29 20:08:09,449 - WARNING -  * Debugger is active!
2024-04-29 20:08:09,457 - INFO -  * Debugger PIN: 270-056-417
2024-04-29 20:09:46,609 - INFO - Reading questions from 'questions.json'...
2024-04-29 20:09:46,610 - INFO - Filtering questions...
2024-04-29 20:09:46,611 - INFO - Saving filtered questions to 'filtered_questions.json'...
2024-04-29 20:09:46,613 - INFO - Filtered questions saved to 'filtered_questions.json'.
2024-04-29 20:09:46,614 - INFO - 127.0.0.1 - - [29/Apr/2024 20:09:46] "POST /filter-questions HTTP/1.1" 200 -
2024-04-29 20:10:49,231 - INFO - Reading questions from 'questions1.json'...
2024-04-29 20:10:49,231 - ERROR - File 'questions1.json' not found.
2024-04-29 20:10:49,231 - INFO - Filtering questions...
2024-04-29 20:10:49,232 - INFO - 127.0.0.1 - - [29/Apr/2024 20:10:49] "[33mPOST /filter-questions HTTP/1.1[0m" 404 -
2024-04-29 20:11:06,211 - INFO -  * Detected change in 'C:\\Users\\DELL\\OneDrive - vit.ac.in\\Desktop\\Internships\\AMRITSUNDARKA_BE_Munsow\\AmritSundarka_task2\\app.py', reloading
2024-04-29 20:11:06,245 - INFO -  * Restarting with stat
2024-04-29 20:11:06,577 - WARNING -  * Debugger is active!
2024-04-29 20:11:06,584 - INFO -  * Debugger PIN: 270-056-417
2024-04-29 20:11:08,626 - INFO -  * Detected change in 'C:\\Users\\DELL\\OneDrive - vit.ac.in\\Desktop\\Internships\\AMRITSUNDARKA_BE_Munsow\\AmritSundarka_task2\\app.py', reloading
2024-04-29 20:11:08,635 - INFO -  * Restarting with stat
2024-04-29 20:11:59,624 - INFO - [31m[1mWARNING: This is a development server. Do not use it in a production deployment. Use a production WSGI server instead.[0m
 * Running on http://127.0.0.1:5000
2024-04-29 20:11:59,625 - INFO - [33mPress CTRL+C to quit[0m
2024-04-29 20:11:59,627 - INFO -  * Restarting with stat
2024-04-29 20:11:59,832 - WARNING -  * Debugger is active!
2024-04-29 20:11:59,836 - INFO -  * Debugger PIN: 270-056-417
